Target Info: 
device zte-np05j
platform Sm8850
package KaanapaliPkg
bootshim_uefi_base 0xFF300000
bootshim_uefi_size 0x00400000
Building bootshim:
	UEFI BASE: 0xFF300000
	UEFI_SIZE: 0x00400000
clang --target=aarch64-linux-gnu -c BootShim.S -o BootShim.elf -DUEFI_BASE=0xFF300000 -DUEFI_SIZE=0x00400000
llvm-objcopy -O binary BootShim.elf BootShim.bin
Invoking Stuart
     ) _     _
    ( (^)-~-(^)
__,-.\_( 0 0 )__,-.___
  'W'   \   /   'W'
         >o<
Running stuart_build -c Platforms/KaanapaliPkg/PlatformBuildNoSb.py
INFO - Log Started: Wednesday, December 31, 2025 03:49PM
SECTION - Init Self Describing Environment
INFO - Computing path for Mu-Basetools located at /home/user/mu_aloha_platforms/MU_BASECORE/BaseTools/Bin/Mu-Basetools_extdep on Host(os='Linux', arch='x86', bit='64')
INFO - /home/user/mu_aloha_platforms/MU_BASECORE/BaseTools/Bin/Mu-Basetools_extdep/Linux-x86 was found!
INFO - Computing path for Mu-Basetools located at /home/user/mu_aloha_platforms/MU_BASECORE/BaseTools/Bin/Mu-Basetools_extdep on Host(os='Linux', arch='x86', bit='64')
INFO - /home/user/mu_aloha_platforms/MU_BASECORE/BaseTools/Bin/Mu-Basetools_extdep/Linux-x86 was found!
INFO - Computing path for Mu-Basetools located at /home/user/mu_aloha_platforms/MU_BASECORE/BaseTools/Bin/Mu-Basetools_extdep on Host(os='Linux', arch='x86', bit='64')
INFO - /home/user/mu_aloha_platforms/MU_BASECORE/BaseTools/Bin/Mu-Basetools_extdep/Linux-x86 was found!
SECTION - Loading Plugins
INFO - PLUGIN DESCRIPTOR:Windows Capsule Support Helper Functions
INFO - PLUGIN DESCRIPTOR:Edk2Tool Helper Functions
INFO - PLUGIN DESCRIPTOR:Rust Package Helper
SECTION - Start Invocable Tool
INFO - Running Python version: sys.version_info(major=3, minor=11, micro=14, releaselevel='final', serial=0)
INFO - httpcore version: 1.0.9
INFO - toml version: 0.10.2
INFO - anyio version: 4.12.0
INFO - GitPython version: 3.1.45
INFO - Jinja2 version: 3.1.6
INFO - filelock version: 3.20.1
INFO - distlib version: 0.4.0
INFO - joblib version: 1.5.3
INFO - dulwich version: 0.24.10
INFO - dbus-python version: 1.3.2
INFO - cryptography version: 46.0.3
INFO - argcomplete version: 3.1.4
INFO - xmlschema version: 4.2.0
INFO - idna version: 3.11
INFO - SecretStorage version: 3.5.0
INFO - pycparser version: 2.23
INFO - jeepney version: 0.9.0
INFO - xlsxwriter version: 3.2.9
INFO - lazr.restfulclient version: 0.14.6
INFO - httpx version: 0.28.1
INFO - pyasn1 version: 0.6.1
INFO - lazr.uri version: 1.0.6
INFO - pyasn1_modules version: 0.4.2
INFO - urllib3 version: 2.6.1
INFO - PyYAML version: 6.0.3
INFO - conan version: 2.23.0
INFO - wadllib version: 1.3.6
INFO - build version: 1.3.0
INFO - fasteners version: 0.20
INFO - smmap version: 5.0.2
INFO - fdt version: 0.3.3
INFO - greenlet version: 3.3.0
INFO - openpyxl version: 3.1.5
INFO - findpython version: 0.7.1
INFO - colorama version: 0.4.6
INFO - h11 version: 0.16.0
INFO - virtualenv version: 20.35.4
INFO - python-apt version: 2.7.7+ubuntu5.1
INFO - trove-classifiers version: 2025.12.1.14
INFO - mdurl version: 0.1.2
INFO - crashtest version: 0.4.1
INFO - jaraco.functools version: 4.4.0
INFO - cleo version: 2.1.0
INFO - gitdb version: 4.0.12
INFO - pygount version: 3.1.0
INFO - wheel version: 0.42.0
INFO - markdown-it-py version: 4.0.0
INFO - more-itertools version: 10.8.0
INFO - pbs-installer version: 2025.12.17
INFO - pip version: 24.0
INFO - setuptools version: 80.9.0
INFO - installer version: 0.7.0
INFO - typing_extensions version: 4.15.0
INFO - importlib_metadata version: 8.7.1
INFO - et_xmlfile version: 2.0.0
INFO - poetry version: 2.2.1
INFO - packaging version: 25.0
INFO - Pygments version: 2.19.2
INFO - requests-toolbelt version: 1.0.0
INFO - python-dateutil version: 2.9.0.post0
INFO - SQLAlchemy version: 2.0.45
INFO - xmltodict version: 0.13.0
INFO - zstandard version: 0.25.0
INFO - platformdirs version: 4.5.1
INFO - rich version: 14.2.0
INFO - pyparsing version: 3.1.1
INFO - jaraco.classes version: 3.4.0
INFO - edk2-pytool-extensions version: 0.30.6
INFO - poetry-core version: 2.2.1
INFO - backports.tarfile version: 1.2.0
INFO - jaraco.context version: 6.0.2
INFO - pyproject_hooks version: 1.2.0
INFO - edk2-pytool-library version: 0.23.11
INFO - shellingham version: 1.5.4
INFO - patch-ng version: 1.18.1
INFO - PyGObject version: 3.48.2
INFO - semantic-version version: 2.10.0
INFO - RapidFuzz version: 3.14.3
INFO - certifi version: 2025.11.12
INFO - requests version: 2.32.5
INFO - cffi version: 2.0.0
INFO - keyring version: 25.7.0
INFO - Levenshtein version: 0.27.3
INFO - launchpadlib version: 1.11.0
INFO - CacheControl version: 0.14.4
INFO - yq version: 3.1.0
INFO - regex version: 2025.11.3
INFO - elementpath version: 5.1.0
INFO - chardet version: 5.2.0
INFO - six version: 1.16.0
INFO - MarkupSafe version: 3.0.3
INFO - msgpack version: 1.1.2
INFO - oauthlib version: 3.2.2
INFO - fastjsonschema version: 2.21.2
INFO - pefile version: 2024.8.26
INFO - PyJWT version: 2.7.0
INFO - pkginfo version: 1.12.1.2
INFO - charset-normalizer version: 3.4.4
INFO - tomlkit version: 0.13.3
INFO - blinker version: 1.7.0
INFO - zipp version: 3.23.0
INFO - httplib2 version: 0.20.4
INFO - distro version: 1.9.0
INFO - cargo version: 1.91.1
INFO - cargo make version: N/A
INFO - rustc version: 1.91.1
SECTION - Loading Plugins
INFO - PLUGIN DESCRIPTOR:Windows Capsule Support Helper Functions
INFO - PLUGIN DESCRIPTOR:Edk2Tool Helper Functions
INFO - PLUGIN DESCRIPTOR:Rust Package Helper
SECTION - Kicking off build
PROGRESS - Start time: 2025-12-31 15:50:11.711404
PROGRESS - Setting up the Environment
PROGRESS - Running Pre Build
INFO - Cmd to run is: /usr/local/bin/python3 /home/user/mu_aloha_platforms/Features/CONFIG/SetupDataPkg/Tools/KnobService.py generateheader_efi /home/user/mu_aloha_platforms/Platforms/AndromedaPkg/CfgData/AndromedaPkgCfgData.xml ConfigClientGenerated.h ConfigServiceGenerated.h ConfigDataGenerated.h
INFO - ------------------------------------------------
INFO - --------------Cmd Output Starting---------------
INFO - ------------------------------------------------
INFO - ------------------------------------------------
INFO - --------------Cmd Output Finished---------------
INFO - --------- Running Time (mm:ss): 00:00 ----------
INFO - ----------- Return Code: 0x00000000 ------------
INFO - ------------------------------------------------
PROGRESS - Checking DEBUG Macros
INFO - Checking Debug Macros in directory: /home/user/mu_aloha_platforms/Platforms/KaanapaliPkg

INFO - Gathering the overall file list. This might take awhile.

INFO - Getting git ignore files...
INFO - Ignoring git ignore files...
INFO -   3 files are ignored by git
INFO -   0 files after removing ignored files
INFO - 
Starting macro check on 0 files.
INFO - ---------------------------------------------------------------------
INFO - --------------Override/Deprecation Validation Starting---------------
INFO - ---------------------------------------------------------------------
ERROR - Failed to convert Edk2Relative Path to an Absolute Path on this system.
ERROR - Relative Path: EmbeddedPkg/ResetRuntimeDxe/ResetRuntimeDxe.inf
CRITICAL - Build Process Exception
ERROR - Traceback (most recent call last):
  File "/usr/local/lib/python3.11/dist-packages/edk2toolext/environment/uefi_build.py", line 230, in Go
    ret = self.PreBuild()
          ^^^^^^^^^^^^^^^
  File "/usr/local/lib/python3.11/dist-packages/edk2toolext/environment/uefi_build.py", line 441, in PreBuild
    rc = Descriptor.Obj.do_pre_build(self)
         ^^^^^^^^^^^^^^^^^^^^^^^^^^^^^^^^^
  File "/home/user/mu_aloha_platforms/MU_BASECORE/BaseTools/Plugin/OverrideValidation/OverrideValidation.py", line 118, in do_pre_build
    rc = self.override_plat_validate(thebuilder)
         ^^^^^^^^^^^^^^^^^^^^^^^^^^^^^^^^^^^^^^^
  File "/home/user/mu_aloha_platforms/MU_BASECORE/BaseTools/Plugin/OverrideValidation/OverrideValidation.py", line 167, in override_plat_validate
    m_result = self.override_detect_process(
               ^^^^^^^^^^^^^^^^^^^^^^^^^^^^^
  File "/home/user/mu_aloha_platforms/MU_BASECORE/BaseTools/Plugin/OverrideValidation/OverrideValidation.py", line 204, in override_detect_process
    list_path = os.path.normpath(filepath).lower()
                ^^^^^^^^^^^^^^^^^^^^^^^^^^
  File "<frozen posixpath>", line 391, in normpath
TypeError: expected str, bytes or os.PathLike object, not NoneType

PROGRESS - End time: 2025-12-31 15:50:13.738301	 Total time Elapsed: 0:00:02
SECTION - Log file is located at: /home/user/mu_aloha_platforms/Build/BUILDLOG_KaanapaliPkg.txt
SECTION - Summary
ERROR - Error
