Target Info: 
device zte-np05j
platform Sm8850
package KaanapaliPkg
bootshim_uefi_base 0xFF300000
bootshim_uefi_size 0x00400000
Building bootshim:
	UEFI BASE: 0xFF300000
	UEFI_SIZE: 0x00400000
clang --target=aarch64-linux-gnu -c BootShim.S -o BootShim.elf -DUEFI_BASE=0xFF300000 -DUEFI_SIZE=0x00400000
llvm-objcopy -O binary BootShim.elf BootShim.bin
Invoking Stuart
     ) _     _
    ( (^)-~-(^)
__,-.\_( 0 0 )__,-.___
  'W'   \   /   'W'
         >o<
Running stuart_build -c Platforms/KaanapaliPkg/PlatformBuildNoSb.py
INFO - Log Started: Wednesday, December 31, 2025 03:55PM
SECTION - Init Self Describing Environment
INFO - Computing path for Mu-Basetools located at /home/user/mu_aloha_platforms/MU_BASECORE/BaseTools/Bin/Mu-Basetools_extdep on Host(os='Linux', arch='x86', bit='64')
INFO - /home/user/mu_aloha_platforms/MU_BASECORE/BaseTools/Bin/Mu-Basetools_extdep/Linux-x86 was found!
INFO - Computing path for Mu-Basetools located at /home/user/mu_aloha_platforms/MU_BASECORE/BaseTools/Bin/Mu-Basetools_extdep on Host(os='Linux', arch='x86', bit='64')
INFO - /home/user/mu_aloha_platforms/MU_BASECORE/BaseTools/Bin/Mu-Basetools_extdep/Linux-x86 was found!
INFO - Computing path for Mu-Basetools located at /home/user/mu_aloha_platforms/MU_BASECORE/BaseTools/Bin/Mu-Basetools_extdep on Host(os='Linux', arch='x86', bit='64')
INFO - /home/user/mu_aloha_platforms/MU_BASECORE/BaseTools/Bin/Mu-Basetools_extdep/Linux-x86 was found!
SECTION - Loading Plugins
INFO - PLUGIN DESCRIPTOR:Windows Capsule Support Helper Functions
INFO - PLUGIN DESCRIPTOR:Edk2Tool Helper Functions
INFO - PLUGIN DESCRIPTOR:Rust Package Helper
SECTION - Start Invocable Tool
INFO - Running Python version: sys.version_info(major=3, minor=11, micro=14, releaselevel='final', serial=0)
INFO - fastjsonschema version: 2.21.2
INFO - charset-normalizer version: 3.4.4
INFO - build version: 1.3.0
INFO - PyGObject version: 3.48.2
INFO - cryptography version: 46.0.3
INFO - xmltodict version: 0.13.0
INFO - setuptools version: 80.9.0
INFO - blinker version: 1.7.0
INFO - httpcore version: 1.0.9
INFO - more-itertools version: 10.8.0
INFO - smmap version: 5.0.2
INFO - edk2-pytool-library version: 0.23.11
INFO - greenlet version: 3.3.0
INFO - six version: 1.16.0
INFO - python-apt version: 2.7.7+ubuntu5.1
INFO - typing_extensions version: 4.15.0
INFO - idna version: 3.11
INFO - h11 version: 0.16.0
INFO - poetry version: 2.2.1
INFO - importlib_metadata version: 8.7.1
INFO - fdt version: 0.3.3
INFO - distro version: 1.9.0
INFO - backports.tarfile version: 1.2.0
INFO - shellingham version: 1.5.4
INFO - pyasn1_modules version: 0.4.2
INFO - joblib version: 1.5.3
INFO - crashtest version: 0.4.1
INFO - markdown-it-py version: 4.0.0
INFO - lazr.uri version: 1.0.6
INFO - toml version: 0.10.2
INFO - regex version: 2025.11.3
INFO - yq version: 3.1.0
INFO - pycparser version: 2.23
INFO - pip version: 24.0
INFO - openpyxl version: 3.1.5
INFO - platformdirs version: 4.5.1
INFO - GitPython version: 3.1.45
INFO - certifi version: 2025.11.12
INFO - MarkupSafe version: 3.0.3
INFO - jaraco.classes version: 3.4.0
INFO - lazr.restfulclient version: 0.14.6
INFO - oauthlib version: 3.2.2
INFO - chardet version: 5.2.0
INFO - findpython version: 0.7.1
INFO - launchpadlib version: 1.11.0
INFO - zipp version: 3.23.0
INFO - pkginfo version: 1.12.1.2
INFO - filelock version: 3.20.1
INFO - pyparsing version: 3.1.1
INFO - conan version: 2.23.0
INFO - anyio version: 4.12.0
INFO - elementpath version: 5.1.0
INFO - jaraco.context version: 6.0.2
INFO - poetry-core version: 2.2.1
INFO - dulwich version: 0.24.10
INFO - RapidFuzz version: 3.14.3
INFO - jaraco.functools version: 4.4.0
INFO - pefile version: 2024.8.26
INFO - semantic-version version: 2.10.0
INFO - pbs-installer version: 2025.12.17
INFO - dbus-python version: 1.3.2
INFO - PyYAML version: 6.0.3
INFO - tomlkit version: 0.13.3
INFO - installer version: 0.7.0
INFO - SecretStorage version: 3.5.0
INFO - zstandard version: 0.25.0
INFO - Levenshtein version: 0.27.3
INFO - cleo version: 2.1.0
INFO - trove-classifiers version: 2025.12.1.14
INFO - Pygments version: 2.19.2
INFO - requests version: 2.32.5
INFO - xmlschema version: 4.2.0
INFO - mdurl version: 0.1.2
INFO - gitdb version: 4.0.12
INFO - httplib2 version: 0.20.4
INFO - python-dateutil version: 2.9.0.post0
INFO - colorama version: 0.4.6
INFO - distlib version: 0.4.0
INFO - virtualenv version: 20.35.4
INFO - keyring version: 25.7.0
INFO - requests-toolbelt version: 1.0.0
INFO - pyasn1 version: 0.6.1
INFO - et_xmlfile version: 2.0.0
INFO - rich version: 14.2.0
INFO - httpx version: 0.28.1
INFO - PyJWT version: 2.7.0
INFO - edk2-pytool-extensions version: 0.30.6
INFO - wheel version: 0.42.0
INFO - urllib3 version: 2.6.1
INFO - argcomplete version: 3.1.4
INFO - cffi version: 2.0.0
INFO - SQLAlchemy version: 2.0.45
INFO - Jinja2 version: 3.1.6
INFO - pygount version: 3.1.0
INFO - packaging version: 25.0
INFO - jeepney version: 0.9.0
INFO - xlsxwriter version: 3.2.9
INFO - wadllib version: 1.3.6
INFO - pyproject_hooks version: 1.2.0
INFO - msgpack version: 1.1.2
INFO - patch-ng version: 1.18.1
INFO - CacheControl version: 0.14.4
INFO - fasteners version: 0.20
INFO - cargo version: 1.91.1
INFO - cargo make version: N/A
INFO - rustc version: 1.91.1
SECTION - Loading Plugins
INFO - PLUGIN DESCRIPTOR:Windows Capsule Support Helper Functions
INFO - PLUGIN DESCRIPTOR:Edk2Tool Helper Functions
INFO - PLUGIN DESCRIPTOR:Rust Package Helper
SECTION - Kicking off build
PROGRESS - Start time: 2025-12-31 15:56:06.501725
PROGRESS - Setting up the Environment
PROGRESS - Running Pre Build
INFO - Cmd to run is: /usr/local/bin/python3 /home/user/mu_aloha_platforms/Features/CONFIG/SetupDataPkg/Tools/KnobService.py generateheader_efi /home/user/mu_aloha_platforms/Platforms/AndromedaPkg/CfgData/AndromedaPkgCfgData.xml ConfigClientGenerated.h ConfigServiceGenerated.h ConfigDataGenerated.h
INFO - ------------------------------------------------
INFO - --------------Cmd Output Starting---------------
INFO - ------------------------------------------------
INFO - ------------------------------------------------
INFO - --------------Cmd Output Finished---------------
INFO - --------- Running Time (mm:ss): 00:00 ----------
INFO - ----------- Return Code: 0x00000000 ------------
INFO - ------------------------------------------------
PROGRESS - Checking DEBUG Macros
INFO - Checking Debug Macros in directory: /home/user/mu_aloha_platforms/Platforms/KaanapaliPkg

INFO - Gathering the overall file list. This might take awhile.

INFO - Getting git ignore files...
INFO - Ignoring git ignore files...
INFO -   4 files are ignored by git
INFO -   0 files after removing ignored files
INFO - 
Starting macro check on 0 files.
INFO - ---------------------------------------------------------------------
INFO - --------------Override/Deprecation Validation Starting---------------
INFO - ---------------------------------------------------------------------
CRITICAL - Override Log file at /home/user/mu_aloha_platforms/Build/KaanapaliPkg/DEBUG_CLANGPDB/OVERRIDELOG.TXT
INFO - ----------------------------------------------------------------------
INFO - --------------Override/Deprecation Validation Finished----------------
INFO - -------------- Running Time (mm:ss): 00:00 -------------
INFO - ----------------------------------------------------------------------
INFO - Cmd to run is: /usr/bin/clang --version
INFO - ------------------------------------------------
INFO - --------------Cmd Output Starting---------------
INFO - ------------------------------------------------
INFO - Ubuntu clang version 18.1.3 (1ubuntu1)
INFO - Target: x86_64-pc-linux-gnu
INFO - Thread model: posix
INFO - InstalledDir: /usr/bin
INFO - ------------------------------------------------
INFO - --------------Cmd Output Finished---------------
INFO - --------- Running Time (mm:ss): 00:00 ----------
INFO - ----------- Return Code: 0x00000000 ------------
INFO - ------------------------------------------------
INFO - Writing BuildToolsReports to /home/user/mu_aloha_platforms/Build/KaanapaliPkg/DEBUG_CLANGPDB/BUILD_TOOLS_REPORT
PROGRESS - Running Build DEBUG
INFO - Cmd to run is: build -p KaanapaliPkg/KaanapaliNoSb.dsc -b DEBUG -t CLANGPDB -a AARCH64 -y /home/user/mu_aloha_platforms/Build/KaanapaliPkg/DEBUG_CLANGPDB/BUILD_REPORT.TXT -Y PCD -Y DEPEX -Y FLASH -Y BUILD_FLAGS -Y LIBRARY -Y FIXED_ADDRESS -Y HASH -D SHARED_CRYPTO_PATH=/home/user/mu_aloha_platforms/MU_BASECORE/CryptoPkg/Binaries/edk2-basecrypto-driver-bin_extdep -D BUILDID_STRING=Unknown -D MEMORY_PROTECTION=TRUE -D SHIP_MODE=FALSE -D TARGET_DEVICE=zte-np05j -D FDT=np05j.dtb
INFO - ------------------------------------------------
INFO - --------------Cmd Output Starting---------------
INFO - ------------------------------------------------
INFO - Build environment: Linux-4.4.0-x86_64-with-glibc2.39
INFO - Build start time: 15:56:09, Dec.31 2025
INFO - 
INFO - WORKSPACE        = /home/user/mu_aloha_platforms
INFO - PACKAGES_PATH    = /home/user/mu_aloha_platforms:/home/user/mu_aloha_platforms/Platforms:/home/user/mu_aloha_platforms/MU_BASECORE:/home/user/mu_aloha_platforms/Common/MU:/home/user/mu_aloha_platforms/Common/MU_TIANO:/home/user/mu_aloha_platforms/Common/MU_OEM_SAMPLE:/home/user/mu_aloha_platforms/Silicon/Arm/MU_TIANO:/home/user/mu_aloha_platforms/Features/DFCI:/home/user/mu_aloha_platforms/Features/CONFIG:/home/user/mu_aloha_platforms/Binaries:/home/user/mu_aloha_platforms/Silicon/QC/Sm8850
INFO - EDK_TOOLS_PATH   = /home/user/mu_aloha_platforms/MU_BASECORE/BaseTools
INFO - EDK_TOOLS_BIN    = /home/user/mu_aloha_platforms/MU_BASECORE/BaseTools/Bin/Mu-Basetools_extdep/Linux-x86
INFO - CONF_PATH        = /home/user/mu_aloha_platforms/Conf
INFO - PYTHON_COMMAND   = /usr/local/bin/python3
INFO - 
INFO - 
INFO - Processing meta-data .
INFO - Architecture(s)  = AARCH64
INFO - Build target     = DEBUG
INFO - Toolchain        = CLANGPDB
INFO - 
INFO - Active Platform          = /home/user/mu_aloha_platforms/Platforms/KaanapaliPkg/KaanapaliNoSb.dsc
INFO - build...
INFO - /home/user/mu_aloha_platforms/Platforms/KaanapaliPkg/KaanapaliNoSb.dsc(...): warning: /home/user/mu_aloha_platforms/Silicon/Arm/MU_TIANO/ArmPkg/Library/ArmPsciResetSystemLib/ArmPsciResetSystemLib.inf does not support LIBRARY_CLASS HwResetSystemLib
INFO - build...
INFO - /home/user/mu_aloha_platforms/Platforms/KaanapaliPkg/KaanapaliNoSb.dsc(...): warning: /home/user/mu_aloha_platforms/MU_BASECORE/MdePkg/Library/BaseSynchronizationLib/BaseSynchronizationLib.inf does not support LIBRARY_CLASS BaseSynchronizationLib
INFO - build...
INFO - /home/user/mu_aloha_platforms/Platforms/KaanapaliPkg/KaanapaliNoSb.dsc(...): warning: /home/user/mu_aloha_platforms/MU_BASECORE/MdePkg/Library/UefiDevicePathLib/UefiDevicePathLib.inf does not support LIBRARY_CLASS UefiDevicePathLib
INFO - build...
INFO - /home/user/mu_aloha_platforms/Platforms/KaanapaliPkg/KaanapaliNoSb.dsc(...): warning: /home/user/mu_aloha_platforms/MU_BASECORE/MdeModulePkg/Library/LzmaCustomDecompressLib/LzmaCustomDecompressLib.inf does not support LIBRARY_CLASS LzmaDecompressLib
INFO - build...
INFO - /home/user/mu_aloha_platforms/Platforms/KaanapaliPkg/KaanapaliNoSb.dsc(...): warning: /home/user/mu_aloha_platforms/Common/MU_TIANO/EmbeddedPkg/Library/PrePiMemoryAllocationLib/PrePiMemoryAllocationLib.inf does not support LIBRARY_CLASS PrePiMemoryAllocationLib
INFO - build...
INFO - /home/user/mu_aloha_platforms/Platforms/KaanapaliPkg/KaanapaliNoSb.dsc(...): warning: /home/user/mu_aloha_platforms/Platforms/AndromedaPkg/Library/QcSecProtocolsLocatorSecLib/QcSecProtocolsLocatorSecLib.inf does not support LIBRARY_CLASS SecProtocolFinderLib
INFO - build...
INFO - /home/user/mu_aloha_platforms/Platforms/KaanapaliPkg/KaanapaliNoSb.dsc(...): warning: /home/user/mu_aloha_platforms/Common/MU_TIANO/EmbeddedPkg/Library/PrePiMemoryAllocationLib/PrePiMemoryAllocationLib.inf does not support LIBRARY_CLASS PrePiMemoryAllocationLib
INFO - build...
INFO - /home/user/mu_aloha_platforms/Platforms/KaanapaliPkg/KaanapaliNoSb.dsc(...): warning: /home/user/mu_aloha_platforms/Common/MU/MsWheaPkg/Library/GenericSectionParserLib/GenericSectionParserLib.inf does not support LIBRARY_CLASS GenericSectionParserLib
INFO - .
INFO - 
INFO - build.py...
INFO -  : error 000E: File/directory not found in workspace
INFO - 	KaanapaliPkg/Device/zte-np05j/Binaries/RawFiles/uefiplat.cfg is not found in packages path:
INFO - 	/home/user/mu_aloha_platforms/.
INFO - 	/home/user/mu_aloha_platforms/Platforms
INFO - 	/home/user/mu_aloha_platforms/MU_BASECORE
INFO - 	/home/user/mu_aloha_platforms/Common/MU
INFO - 	/home/user/mu_aloha_platforms/Common/MU_TIANO
INFO - 	/home/user/mu_aloha_platforms/Common/MU_OEM_SAMPLE
INFO - 	/home/user/mu_aloha_platforms/Silicon/Arm/MU_TIANO
INFO - 	/home/user/mu_aloha_platforms/Features/DFCI
INFO - 	/home/user/mu_aloha_platforms/Features/CONFIG
INFO - 	/home/user/mu_aloha_platforms/Binaries
INFO - 	/home/user/mu_aloha_platforms/Silicon/QC/Sm8850
INFO - 
INFO - 
INFO - - Failed -
INFO - Build end time: 15:56:11, Dec.31 2025
INFO - Build total time: 00:00:03
INFO - 
INFO - ------------------------------------------------
INFO - --------------Cmd Output Finished---------------
INFO - --------- Running Time (mm:ss): 00:03 ----------
INFO - ----------- Return Code: 0x0000000e ------------
INFO - ------------------------------------------------
ERROR - Build.py #000 from : File/directory not found in workspace
CRITICAL - Build failed
PROGRESS - End time: 2025-12-31 15:56:11.664634	 Total time Elapsed: 0:00:05
SECTION - Log file is located at: /home/user/mu_aloha_platforms/Build/BUILDLOG_KaanapaliPkg.txt
SECTION - Summary
ERROR - Error
